<?xml version="1.0" encoding="UTF-8"?>
<!-- Generated by org.testng.reporters.JUnitReportReporter -->
<testsuite hostname="DESKTOP-UMSHTSG" failures="0" tests="4" name="testclasses.Demosuit1" time="0.029" errors="0" timestamp="2022-05-24T09:23:48 IST" skipped="0">
  <testcase classname="testclasses.Demosuit1" name="testq" time="0.005"/>
  <system-out/>
  <testcase classname="testclasses.Demosuit1" name="testA" time="0.012"/>
  <system-out/>
  <testcase classname="testclasses.Demosuit1" name="testV" time="0.007"/>
  <system-out/>
  <testcase classname="testclasses.Demosuit1" name="testM" time="0.005"/>
  <system-out/>
</testsuite> <!-- testclasses.Demosuit1 -->
