<?xml version="1.0" encoding="UTF-8"?>
<!-- Generated by org.testng.reporters.JUnitReportReporter -->
<testsuite hostname="DESKTOP-UMSHTSG" failures="0" tests="4" name="testclasses.Demosuit2" time="0.029" errors="0" timestamp="2022-05-24T09:23:48 IST" skipped="0">
  <testcase classname="testclasses.Demosuit2" name="testA" time="0.012"/>
  <system-out/>
  <testcase classname="testclasses.Demosuit2" name="testq" time="0.007"/>
  <system-out/>
  <testcase classname="testclasses.Demosuit2" name="testV" time="0.004"/>
  <system-out/>
  <testcase classname="testclasses.Demosuit2" name="testM" time="0.006"/>
  <system-out/>
</testsuite> <!-- testclasses.Demosuit2 -->
