<?xml version="1.0" encoding="UTF-8"?>
<!-- Generated by org.testng.reporters.JUnitReportReporter -->
<testsuite hostname="DESKTOP-UMSHTSG" failures="0" tests="12" name="testclasses.Verifyactiveheaderstng" time="27.466" errors="0" timestamp="2022-05-29T13:36:30 IST" skipped="10">
  <testcase classname="testclasses.Verifyactiveheaderstng" name="verifymobtab" time="12.592"/>
  <system-out/>
  <testcase classname="testclasses.Verifyactiveheaderstng" name="verifymobtab" time="14.874"/>
  <system-out/>
  <testcase classname="testclasses.Verifyactiveheaderstng" name="alllist">
    <skipped/>
  </testcase> <!-- alllist -->
  <system-out/>
  <testcase classname="testclasses.Verifyactiveheaderstng" name="clickall1">
    <skipped/>
  </testcase> <!-- clickall1 -->
  <system-out/>
  <testcase classname="testclasses.Verifyactiveheaderstng" name="alllist">
    <skipped/>
  </testcase> <!-- alllist -->
  <system-out/>
  <testcase classname="testclasses.Verifyactiveheaderstng" name="clickall1">
    <skipped/>
  </testcase> <!-- clickall1 -->
  <system-out/>
  <testcase classname="testclasses.Verifyactiveheaderstng" name="realopen">
    <skipped/>
  </testcase> <!-- realopen -->
  <system-out/>
  <testcase classname="testclasses.Verifyactiveheaderstng" name="realopen">
    <skipped/>
  </testcase> <!-- realopen -->
  <system-out/>
  <testcase classname="testclasses.Verifyactiveheaderstng" name="ss">
    <skipped/>
  </testcase> <!-- ss -->
  <system-out/>
  <testcase classname="testclasses.Verifyactiveheaderstng" name="ss">
    <skipped/>
  </testcase> <!-- ss -->
  <system-out/>
  <testcase classname="testclasses.Verifyactiveheaderstng" name="verifycustomerservicetab">
    <skipped/>
  </testcase> <!-- verifycustomerservicetab -->
  <system-out/>
  <testcase classname="testclasses.Verifyactiveheaderstng" name="verifycustomerservicetab">
    <skipped/>
  </testcase> <!-- verifycustomerservicetab -->
  <system-out/>
</testsuite> <!-- testclasses.Verifyactiveheaderstng -->
